<?xml version="1.0" encoding="UTF-8"?>
<testsuite xmlns:xsi="http://www.w3.org/2001/XMLSchema-instance" xsi:noNamespaceSchemaLocation="https://maven.apache.org/surefire/maven-surefire-plugin/xsd/surefire-test-report-3.0.xsd" version="3.0" name="com.demoqa.tests.JavaScriptAlertsPositiveTests" time="44.214" tests="5" errors="0" skipped="0" failures="0">
  <properties>
    <property name="java.specification.version" value="17"/>
    <property name="sun.cpu.isalist" value="amd64"/>
    <property name="sun.jnu.encoding" value="Cp1252"/>
    <property name="java.class.path" value="C:\QA\HomeWorkQAPOM\target\test-classes;C:\QA\HomeWorkQAPOM\target\classes;C:\Users\icrac\.m2\repository\org\seleniumhq\selenium\selenium-java\4.34.0\selenium-java-4.34.0.jar;C:\Users\icrac\.m2\repository\org\seleniumhq\selenium\selenium-api\4.34.0\selenium-api-4.34.0.jar;C:\Users\icrac\.m2\repository\org\jspecify\jspecify\1.0.0\jspecify-1.0.0.jar;C:\Users\icrac\.m2\repository\org\seleniumhq\selenium\selenium-chrome-driver\4.34.0\selenium-chrome-driver-4.34.0.jar;C:\Users\icrac\.m2\repository\com\google\auto\service\auto-service-annotations\1.1.1\auto-service-annotations-1.1.1.jar;C:\Users\icrac\.m2\repository\org\seleniumhq\selenium\selenium-chromium-driver\4.34.0\selenium-chromium-driver-4.34.0.jar;C:\Users\icrac\.m2\repository\org\seleniumhq\selenium\selenium-json\4.34.0\selenium-json-4.34.0.jar;C:\Users\icrac\.m2\repository\org\seleniumhq\selenium\selenium-manager\4.34.0\selenium-manager-4.34.0.jar;C:\Users\icrac\.m2\repository\org\seleniumhq\selenium\selenium-devtools-v136\4.34.0\selenium-devtools-v136-4.34.0.jar;C:\Users\icrac\.m2\repository\org\seleniumhq\selenium\selenium-devtools-v137\4.34.0\selenium-devtools-v137-4.34.0.jar;C:\Users\icrac\.m2\repository\org\seleniumhq\selenium\selenium-devtools-v138\4.34.0\selenium-devtools-v138-4.34.0.jar;C:\Users\icrac\.m2\repository\org\seleniumhq\selenium\selenium-edge-driver\4.34.0\selenium-edge-driver-4.34.0.jar;C:\Users\icrac\.m2\repository\org\seleniumhq\selenium\selenium-firefox-driver\4.34.0\selenium-firefox-driver-4.34.0.jar;C:\Users\icrac\.m2\repository\org\seleniumhq\selenium\selenium-http\4.34.0\selenium-http-4.34.0.jar;C:\Users\icrac\.m2\repository\org\seleniumhq\selenium\selenium-ie-driver\4.34.0\selenium-ie-driver-4.34.0.jar;C:\Users\icrac\.m2\repository\org\seleniumhq\selenium\selenium-remote-driver\4.34.0\selenium-remote-driver-4.34.0.jar;C:\Users\icrac\.m2\repository\com\google\guava\guava\33.4.8-jre\guava-33.4.8-jre.jar;C:\Users\icrac\.m2\repository\com\google\guava\failureaccess\1.0.3\failureaccess-1.0.3.jar;C:\Users\icrac\.m2\repository\com\google\guava\listenablefuture\9999.0-empty-to-avoid-conflict-with-guava\listenablefuture-9999.0-empty-to-avoid-conflict-with-guava.jar;C:\Users\icrac\.m2\repository\com\google\errorprone\error_prone_annotations\2.36.0\error_prone_annotations-2.36.0.jar;C:\Users\icrac\.m2\repository\com\google\j2objc\j2objc-annotations\3.0.0\j2objc-annotations-3.0.0.jar;C:\Users\icrac\.m2\repository\io\opentelemetry\opentelemetry-api\1.51.0\opentelemetry-api-1.51.0.jar;C:\Users\icrac\.m2\repository\io\opentelemetry\opentelemetry-context\1.51.0\opentelemetry-context-1.51.0.jar;C:\Users\icrac\.m2\repository\io\opentelemetry\opentelemetry-exporter-logging\1.51.0\opentelemetry-exporter-logging-1.51.0.jar;C:\Users\icrac\.m2\repository\io\opentelemetry\opentelemetry-sdk-common\1.51.0\opentelemetry-sdk-common-1.51.0.jar;C:\Users\icrac\.m2\repository\io\opentelemetry\opentelemetry-sdk-extension-autoconfigure-spi\1.51.0\opentelemetry-sdk-extension-autoconfigure-spi-1.51.0.jar;C:\Users\icrac\.m2\repository\io\opentelemetry\opentelemetry-sdk-extension-autoconfigure\1.51.0\opentelemetry-sdk-extension-autoconfigure-1.51.0.jar;C:\Users\icrac\.m2\repository\io\opentelemetry\opentelemetry-sdk-trace\1.51.0\opentelemetry-sdk-trace-1.51.0.jar;C:\Users\icrac\.m2\repository\io\opentelemetry\opentelemetry-sdk\1.51.0\opentelemetry-sdk-1.51.0.jar;C:\Users\icrac\.m2\repository\io\opentelemetry\opentelemetry-sdk-metrics\1.51.0\opentelemetry-sdk-metrics-1.51.0.jar;C:\Users\icrac\.m2\repository\io\opentelemetry\opentelemetry-sdk-logs\1.51.0\opentelemetry-sdk-logs-1.51.0.jar;C:\Users\icrac\.m2\repository\org\seleniumhq\selenium\selenium-os\4.34.0\selenium-os-4.34.0.jar;C:\Users\icrac\.m2\repository\org\apache\commons\commons-exec\1.5.0\commons-exec-1.5.0.jar;C:\Users\icrac\.m2\repository\org\seleniumhq\selenium\selenium-safari-driver\4.34.0\selenium-safari-driver-4.34.0.jar;C:\Users\icrac\.m2\repository\org\seleniumhq\selenium\selenium-support\4.34.0\selenium-support-4.34.0.jar;C:\Users\icrac\.m2\repository\org\junit\jupiter\junit-jupiter\5.13.0\junit-jupiter-5.13.0.jar;C:\Users\icrac\.m2\repository\org\junit\jupiter\junit-jupiter-api\5.13.0\junit-jupiter-api-5.13.0.jar;C:\Users\icrac\.m2\repository\org\opentest4j\opentest4j\1.3.0\opentest4j-1.3.0.jar;C:\Users\icrac\.m2\repository\org\junit\platform\junit-platform-commons\1.13.0\junit-platform-commons-1.13.0.jar;C:\Users\icrac\.m2\repository\org\apiguardian\apiguardian-api\1.1.2\apiguardian-api-1.1.2.jar;C:\Users\icrac\.m2\repository\org\junit\jupiter\junit-jupiter-params\5.13.0\junit-jupiter-params-5.13.0.jar;C:\Users\icrac\.m2\repository\org\junit\jupiter\junit-jupiter-engine\5.13.0\junit-jupiter-engine-5.13.0.jar;C:\Users\icrac\.m2\repository\org\junit\platform\junit-platform-engine\1.13.0\junit-platform-engine-1.13.0.jar;C:\Users\icrac\.m2\repository\ch\qos\logback\logback-classic\1.5.18\logback-classic-1.5.18.jar;C:\Users\icrac\.m2\repository\ch\qos\logback\logback-core\1.5.18\logback-core-1.5.18.jar;C:\Users\icrac\.m2\repository\org\slf4j\slf4j-api\2.0.17\slf4j-api-2.0.17.jar;C:\Users\icrac\.m2\repository\org\assertj\assertj-core\3.27.3\assertj-core-3.27.3.jar;C:\Users\icrac\.m2\repository\net\bytebuddy\byte-buddy\1.15.11\byte-buddy-1.15.11.jar;"/>
    <property name="java.vm.vendor" value="Oracle Corporation"/>
    <property name="sun.arch.data.model" value="64"/>
    <property name="user.variant" value=""/>
    <property name="java.vendor.url" value="https://java.oracle.com/"/>
    <property name="user.timezone" value="Europe/Berlin"/>
    <property name="os.name" value="Windows 10"/>
    <property name="java.vm.specification.version" value="17"/>
    <property name="sun.java.launcher" value="SUN_STANDARD"/>
    <property name="user.country" value="US"/>
    <property name="sun.boot.library.path" value="C:\Program Files\Java\jdk-17\bin"/>
    <property name="sun.java.command" value="C:\Users\icrac\AppData\Local\Temp\surefire16948811146501804582\surefirebooter-20250810183407123_3.jar C:\Users\icrac\AppData\Local\Temp\surefire16948811146501804582 2025-08-10T18-34-06_706-jvmRun1 surefire-20250810183407123_1tmp surefire_0-20250810183407123_2tmp"/>
    <property name="jdk.debug" value="release"/>
    <property name="surefire.test.class.path" value="C:\QA\HomeWorkQAPOM\target\test-classes;C:\QA\HomeWorkQAPOM\target\classes;C:\Users\icrac\.m2\repository\org\seleniumhq\selenium\selenium-java\4.34.0\selenium-java-4.34.0.jar;C:\Users\icrac\.m2\repository\org\seleniumhq\selenium\selenium-api\4.34.0\selenium-api-4.34.0.jar;C:\Users\icrac\.m2\repository\org\jspecify\jspecify\1.0.0\jspecify-1.0.0.jar;C:\Users\icrac\.m2\repository\org\seleniumhq\selenium\selenium-chrome-driver\4.34.0\selenium-chrome-driver-4.34.0.jar;C:\Users\icrac\.m2\repository\com\google\auto\service\auto-service-annotations\1.1.1\auto-service-annotations-1.1.1.jar;C:\Users\icrac\.m2\repository\org\seleniumhq\selenium\selenium-chromium-driver\4.34.0\selenium-chromium-driver-4.34.0.jar;C:\Users\icrac\.m2\repository\org\seleniumhq\selenium\selenium-json\4.34.0\selenium-json-4.34.0.jar;C:\Users\icrac\.m2\repository\org\seleniumhq\selenium\selenium-manager\4.34.0\selenium-manager-4.34.0.jar;C:\Users\icrac\.m2\repository\org\seleniumhq\selenium\selenium-devtools-v136\4.34.0\selenium-devtools-v136-4.34.0.jar;C:\Users\icrac\.m2\repository\org\seleniumhq\selenium\selenium-devtools-v137\4.34.0\selenium-devtools-v137-4.34.0.jar;C:\Users\icrac\.m2\repository\org\seleniumhq\selenium\selenium-devtools-v138\4.34.0\selenium-devtools-v138-4.34.0.jar;C:\Users\icrac\.m2\repository\org\seleniumhq\selenium\selenium-edge-driver\4.34.0\selenium-edge-driver-4.34.0.jar;C:\Users\icrac\.m2\repository\org\seleniumhq\selenium\selenium-firefox-driver\4.34.0\selenium-firefox-driver-4.34.0.jar;C:\Users\icrac\.m2\repository\org\seleniumhq\selenium\selenium-http\4.34.0\selenium-http-4.34.0.jar;C:\Users\icrac\.m2\repository\org\seleniumhq\selenium\selenium-ie-driver\4.34.0\selenium-ie-driver-4.34.0.jar;C:\Users\icrac\.m2\repository\org\seleniumhq\selenium\selenium-remote-driver\4.34.0\selenium-remote-driver-4.34.0.jar;C:\Users\icrac\.m2\repository\com\google\guava\guava\33.4.8-jre\guava-33.4.8-jre.jar;C:\Users\icrac\.m2\repository\com\google\guava\failureaccess\1.0.3\failureaccess-1.0.3.jar;C:\Users\icrac\.m2\repository\com\google\guava\listenablefuture\9999.0-empty-to-avoid-conflict-with-guava\listenablefuture-9999.0-empty-to-avoid-conflict-with-guava.jar;C:\Users\icrac\.m2\repository\com\google\errorprone\error_prone_annotations\2.36.0\error_prone_annotations-2.36.0.jar;C:\Users\icrac\.m2\repository\com\google\j2objc\j2objc-annotations\3.0.0\j2objc-annotations-3.0.0.jar;C:\Users\icrac\.m2\repository\io\opentelemetry\opentelemetry-api\1.51.0\opentelemetry-api-1.51.0.jar;C:\Users\icrac\.m2\repository\io\opentelemetry\opentelemetry-context\1.51.0\opentelemetry-context-1.51.0.jar;C:\Users\icrac\.m2\repository\io\opentelemetry\opentelemetry-exporter-logging\1.51.0\opentelemetry-exporter-logging-1.51.0.jar;C:\Users\icrac\.m2\repository\io\opentelemetry\opentelemetry-sdk-common\1.51.0\opentelemetry-sdk-common-1.51.0.jar;C:\Users\icrac\.m2\repository\io\opentelemetry\opentelemetry-sdk-extension-autoconfigure-spi\1.51.0\opentelemetry-sdk-extension-autoconfigure-spi-1.51.0.jar;C:\Users\icrac\.m2\repository\io\opentelemetry\opentelemetry-sdk-extension-autoconfigure\1.51.0\opentelemetry-sdk-extension-autoconfigure-1.51.0.jar;C:\Users\icrac\.m2\repository\io\opentelemetry\opentelemetry-sdk-trace\1.51.0\opentelemetry-sdk-trace-1.51.0.jar;C:\Users\icrac\.m2\repository\io\opentelemetry\opentelemetry-sdk\1.51.0\opentelemetry-sdk-1.51.0.jar;C:\Users\icrac\.m2\repository\io\opentelemetry\opentelemetry-sdk-metrics\1.51.0\opentelemetry-sdk-metrics-1.51.0.jar;C:\Users\icrac\.m2\repository\io\opentelemetry\opentelemetry-sdk-logs\1.51.0\opentelemetry-sdk-logs-1.51.0.jar;C:\Users\icrac\.m2\repository\org\seleniumhq\selenium\selenium-os\4.34.0\selenium-os-4.34.0.jar;C:\Users\icrac\.m2\repository\org\apache\commons\commons-exec\1.5.0\commons-exec-1.5.0.jar;C:\Users\icrac\.m2\repository\org\seleniumhq\selenium\selenium-safari-driver\4.34.0\selenium-safari-driver-4.34.0.jar;C:\Users\icrac\.m2\repository\org\seleniumhq\selenium\selenium-support\4.34.0\selenium-support-4.34.0.jar;C:\Users\icrac\.m2\repository\org\junit\jupiter\junit-jupiter\5.13.0\junit-jupiter-5.13.0.jar;C:\Users\icrac\.m2\repository\org\junit\jupiter\junit-jupiter-api\5.13.0\junit-jupiter-api-5.13.0.jar;C:\Users\icrac\.m2\repository\org\opentest4j\opentest4j\1.3.0\opentest4j-1.3.0.jar;C:\Users\icrac\.m2\repository\org\junit\platform\junit-platform-commons\1.13.0\junit-platform-commons-1.13.0.jar;C:\Users\icrac\.m2\repository\org\apiguardian\apiguardian-api\1.1.2\apiguardian-api-1.1.2.jar;C:\Users\icrac\.m2\repository\org\junit\jupiter\junit-jupiter-params\5.13.0\junit-jupiter-params-5.13.0.jar;C:\Users\icrac\.m2\repository\org\junit\jupiter\junit-jupiter-engine\5.13.0\junit-jupiter-engine-5.13.0.jar;C:\Users\icrac\.m2\repository\org\junit\platform\junit-platform-engine\1.13.0\junit-platform-engine-1.13.0.jar;C:\Users\icrac\.m2\repository\ch\qos\logback\logback-classic\1.5.18\logback-classic-1.5.18.jar;C:\Users\icrac\.m2\repository\ch\qos\logback\logback-core\1.5.18\logback-core-1.5.18.jar;C:\Users\icrac\.m2\repository\org\slf4j\slf4j-api\2.0.17\slf4j-api-2.0.17.jar;C:\Users\icrac\.m2\repository\org\assertj\assertj-core\3.27.3\assertj-core-3.27.3.jar;C:\Users\icrac\.m2\repository\net\bytebuddy\byte-buddy\1.15.11\byte-buddy-1.15.11.jar;"/>
    <property name="sun.cpu.endian" value="little"/>
    <property name="user.home" value="C:\Users\icrac"/>
    <property name="user.language" value="en"/>
    <property name="java.specification.vendor" value="Oracle Corporation"/>
    <property name="java.version.date" value="2021-09-14"/>
    <property name="java.home" value="C:\Program Files\Java\jdk-17"/>
    <property name="file.separator" value="\"/>
    <property name="basedir" value="C:\QA\HomeWorkQAPOM"/>
    <property name="java.vm.compressedOopsMode" value="Zero based"/>
    <property name="line.separator" value="&#10;"/>
    <property name="java.vm.specification.vendor" value="Oracle Corporation"/>
    <property name="java.specification.name" value="Java Platform API Specification"/>
    <property name="surefire.real.class.path" value="C:\Users\icrac\AppData\Local\Temp\surefire16948811146501804582\surefirebooter-20250810183407123_3.jar"/>
    <property name="user.script" value=""/>
    <property name="sun.management.compiler" value="HotSpot 64-Bit Tiered Compilers"/>
    <property name="java.runtime.version" value="17+35-LTS-2724"/>
    <property name="user.name" value="icrac"/>
    <property name="path.separator" value=";"/>
    <property name="os.version" value="10.0"/>
    <property name="java.runtime.name" value="Java(TM) SE Runtime Environment"/>
    <property name="file.encoding" value="Cp1252"/>
    <property name="java.vm.name" value="Java HotSpot(TM) 64-Bit Server VM"/>
    <property name="localRepository" value="C:\Users\icrac\.m2\repository"/>
    <property name="java.vendor.url.bug" value="https://bugreport.java.com/bugreport/"/>
    <property name="java.io.tmpdir" value="C:\Users\icrac\AppData\Local\Temp\"/>
    <property name="java.version" value="17"/>
    <property name="user.dir" value="C:\QA\HomeWorkQAPOM"/>
    <property name="os.arch" value="amd64"/>
    <property name="groups" value="smoky"/>
    <property name="java.vm.specification.name" value="Java Virtual Machine Specification"/>
    <property name="sun.os.patch.level" value=""/>
    <property name="native.encoding" value="Cp1252"/>
    <property name="java.library.path" value="C:\Program Files\Java\jdk-17\bin;C:\WINDOWS\Sun\Java\bin;C:\WINDOWS\system32;C:\WINDOWS;C:\Program Files\Common Files\Oracle\Java\javapath;C:\Program Files\Java\jdk-17\bin;C:\Tools\;C:\Tools\gradle-8.14.2\bin;C:\Tools\apache-maven-3.9.11\bin;C:\WINDOWS\system32;C:\WINDOWS;C:\WINDOWS\System32\Wbem;C:\WINDOWS\System32\WindowsPowerShell\v1.0\;C:\WINDOWS\System32\OpenSSH\;C:\Program Files\nodejs\;C:\Program Files\Git\cmd;C:\Program Files\Docker\Docker\resources\bin;C:\Users\icrac\AppData\Local\Microsoft\WindowsApps;C:\Users\icrac\AppData\Local\JetBrains\IntelliJ IDEA 2024.1.1\bin;;C:\Users\icrac\AppData\Local\JetBrains\IntelliJ IDEA Community Edition 2024.1.1\bin;;C:\Users\icrac\AppData\Local\GitHubDesktop\bin;C:\Users\icrac\AppData\Local\Programs\Microsoft VS Code\bin;C:\Users\icrac\AppData\Roaming\npm;;."/>
    <property name="java.vm.info" value="mixed mode, sharing"/>
    <property name="java.vendor" value="Oracle Corporation"/>
    <property name="java.vm.version" value="17+35-LTS-2724"/>
    <property name="sun.io.unicode.encoding" value="UnicodeLittle"/>
    <property name="java.class.version" value="61.0"/>
  </properties>
  <testcase name="iAmJSAlert" classname="com.demoqa.tests.JavaScriptAlertsPositiveTests" time="19.434">
    <system-out><![CDATA[18:34:23.502 [main] INFO  com.demoqa.utils.MyListener.beforeGet - Open url - https://the-internet.herokuapp.com/
18:34:26.468 [main] INFO  com.demoqa.core.TestBase.init - Start test iAmJSAlert()
18:34:26.700 [main] INFO  com.demoqa.utils.MyListener.afterFindElement - Element Decorated {[[ChromeDriver: chrome on windows (917f2d455ad5384a905ece248411f0e8)] -> css selector: a[href='/javascript_alerts']]} found
18:34:26.700 [main] INFO  com.demoqa.utils.MyListener.beforeClick - We have to click on element [[ChromeDriver: chrome on windows (917f2d455ad5384a905ece248411f0e8)] -> css selector: a[href='/javascript_alerts']]
18:34:27.035 [main] INFO  com.demoqa.utils.MyListener.afterClick - We clicked on element [[ChromeDriver: chrome on windows (917f2d455ad5384a905ece248411f0e8)] -> css selector: a[href='/javascript_alerts']]
18:34:27.065 [main] INFO  com.demoqa.utils.MyListener.afterFindElement - Element Decorated {[[ChromeDriver: chrome on windows (917f2d455ad5384a905ece248411f0e8)] -> css selector: button[onclick='jsAlert()']]} found
18:34:27.066 [main] INFO  com.demoqa.utils.MyListener.beforeClick - We have to click on element [[ChromeDriver: chrome on windows (917f2d455ad5384a905ece248411f0e8)] -> css selector: button[onclick='jsAlert()']]
18:34:27.169 [main] INFO  com.demoqa.utils.MyListener.afterClick - We clicked on element [[ChromeDriver: chrome on windows (917f2d455ad5384a905ece248411f0e8)] -> css selector: button[onclick='jsAlert()']]
18:34:27.549 [main] INFO  com.demoqa.core.TestBase.tearDown - Stop test
18:34:27.551 [main] INFO  com.demoqa.core.TestBase.tearDown - =========================
18:34:27.575 [main] INFO  com.demoqa.utils.TestResultLogger.testSuccessful - Test passed: iAmJSAlert()
]]></system-out>
  </testcase>
  <testcase name="alertAlertWithCancelSelectResultTest" classname="com.demoqa.tests.JavaScriptAlertsPositiveTests" time="6.038">
    <system-out><![CDATA[18:34:28.400 [main] INFO  com.demoqa.utils.MyListener.beforeGet - Open url - https://the-internet.herokuapp.com/
18:34:32.796 [main] INFO  com.demoqa.core.TestBase.init - Start test Verify to 'Cancel' is displayed
18:34:32.832 [main] INFO  com.demoqa.utils.MyListener.afterFindElement - Element Decorated {[[ChromeDriver: chrome on windows (17afe871447bfea046d57baa3e9222c1)] -> css selector: a[href='/javascript_alerts']]} found
18:34:32.838 [main] INFO  com.demoqa.utils.MyListener.beforeClick - We have to click on element [[ChromeDriver: chrome on windows (17afe871447bfea046d57baa3e9222c1)] -> css selector: a[href='/javascript_alerts']]
18:34:33.172 [main] INFO  com.demoqa.utils.MyListener.afterClick - We clicked on element [[ChromeDriver: chrome on windows (17afe871447bfea046d57baa3e9222c1)] -> css selector: a[href='/javascript_alerts']]
18:34:33.198 [main] INFO  com.demoqa.utils.MyListener.afterFindElement - Element Decorated {[[ChromeDriver: chrome on windows (17afe871447bfea046d57baa3e9222c1)] -> css selector: button[onclick='jsConfirm()']]} found
18:34:33.199 [main] INFO  com.demoqa.utils.MyListener.beforeClick - We have to click on element [[ChromeDriver: chrome on windows (17afe871447bfea046d57baa3e9222c1)] -> css selector: button[onclick='jsConfirm()']]
18:34:33.307 [main] INFO  com.demoqa.utils.MyListener.afterClick - We clicked on element [[ChromeDriver: chrome on windows (17afe871447bfea046d57baa3e9222c1)] -> css selector: button[onclick='jsConfirm()']]
18:34:33.362 [main] INFO  com.demoqa.utils.MyListener.afterFindElement - Element Decorated {[[ChromeDriver: chrome on windows (17afe871447bfea046d57baa3e9222c1)] -> id: result]} found
18:34:33.622 [main] INFO  com.demoqa.core.TestBase.tearDown - Stop test
18:34:33.622 [main] INFO  com.demoqa.core.TestBase.tearDown - =========================
18:34:33.622 [main] INFO  com.demoqa.utils.TestResultLogger.testSuccessful - Test passed: Verify to 'Cancel' is displayed
]]></system-out>
  </testcase>
  <testcase name="alertAlertWithOKSelectResultTest" classname="com.demoqa.tests.JavaScriptAlertsPositiveTests" time="5.507">
    <system-out><![CDATA[18:34:34.415 [main] INFO  com.demoqa.utils.MyListener.beforeGet - Open url - https://the-internet.herokuapp.com/
18:34:38.223 [main] INFO  com.demoqa.core.TestBase.init - Start test Verify to 'OK' is displayed
18:34:38.266 [main] INFO  com.demoqa.utils.MyListener.afterFindElement - Element Decorated {[[ChromeDriver: chrome on windows (586ce3843fe747671d02beabefb43d3c)] -> css selector: a[href='/javascript_alerts']]} found
18:34:38.268 [main] INFO  com.demoqa.utils.MyListener.beforeClick - We have to click on element [[ChromeDriver: chrome on windows (586ce3843fe747671d02beabefb43d3c)] -> css selector: a[href='/javascript_alerts']]
18:34:38.622 [main] INFO  com.demoqa.utils.MyListener.afterClick - We clicked on element [[ChromeDriver: chrome on windows (586ce3843fe747671d02beabefb43d3c)] -> css selector: a[href='/javascript_alerts']]
18:34:38.653 [main] INFO  com.demoqa.utils.MyListener.afterFindElement - Element Decorated {[[ChromeDriver: chrome on windows (586ce3843fe747671d02beabefb43d3c)] -> css selector: button[onclick='jsConfirm()']]} found
18:34:38.655 [main] INFO  com.demoqa.utils.MyListener.beforeClick - We have to click on element [[ChromeDriver: chrome on windows (586ce3843fe747671d02beabefb43d3c)] -> css selector: button[onclick='jsConfirm()']]
18:34:38.773 [main] INFO  com.demoqa.utils.MyListener.afterClick - We clicked on element [[ChromeDriver: chrome on windows (586ce3843fe747671d02beabefb43d3c)] -> css selector: button[onclick='jsConfirm()']]
18:34:38.836 [main] INFO  com.demoqa.utils.MyListener.afterFindElement - Element Decorated {[[ChromeDriver: chrome on windows (586ce3843fe747671d02beabefb43d3c)] -> id: result]} found
18:34:39.129 [main] INFO  com.demoqa.core.TestBase.tearDown - Stop test
18:34:39.129 [main] INFO  com.demoqa.core.TestBase.tearDown - =========================
18:34:39.129 [main] INFO  com.demoqa.utils.TestResultLogger.testSuccessful - Test passed: Verify to 'OK' is displayed
]]></system-out>
  </testcase>
  <testcase name="clickOnJavaScriptAlertsPositiveTest" classname="com.demoqa.tests.JavaScriptAlertsPositiveTests" time="6.39">
    <system-out><![CDATA[18:34:39.913 [main] INFO  com.demoqa.utils.MyListener.beforeGet - Open url - https://the-internet.herokuapp.com/
18:34:44.838 [main] INFO  com.demoqa.core.TestBase.init - Start test Click on -'JavaScriptAlerts'
18:34:44.882 [main] INFO  com.demoqa.utils.MyListener.afterFindElement - Element Decorated {[[ChromeDriver: chrome on windows (36ce2972d5486d2267ac77ef16b07714)] -> css selector: a[href='/javascript_alerts']]} found
18:34:44.883 [main] INFO  com.demoqa.utils.MyListener.beforeClick - We have to click on element [[ChromeDriver: chrome on windows (36ce2972d5486d2267ac77ef16b07714)] -> css selector: a[href='/javascript_alerts']]
18:34:45.237 [main] INFO  com.demoqa.utils.MyListener.afterClick - We clicked on element [[ChromeDriver: chrome on windows (36ce2972d5486d2267ac77ef16b07714)] -> css selector: a[href='/javascript_alerts']]
18:34:45.259 [main] INFO  com.demoqa.utils.MyListener.afterFindElement - Element Decorated {[[ChromeDriver: chrome on windows (36ce2972d5486d2267ac77ef16b07714)] -> css selector: h3]} found
18:34:45.521 [main] INFO  com.demoqa.core.TestBase.tearDown - Stop test
18:34:45.522 [main] INFO  com.demoqa.core.TestBase.tearDown - =========================
18:34:45.524 [main] INFO  com.demoqa.utils.TestResultLogger.testSuccessful - Test passed: Click on -'JavaScriptAlerts'
]]></system-out>
  </testcase>
  <testcase name="sendMessageToAlertText" classname="com.demoqa.tests.JavaScriptAlertsPositiveTests" time="6.813">
    <system-out><![CDATA[18:34:46.342 [main] INFO  com.demoqa.utils.MyListener.beforeGet - Open url - https://the-internet.herokuapp.com/
18:34:51.568 [main] INFO  com.demoqa.core.TestBase.init - Start test sendMessageToAlertText()
18:34:51.609 [main] INFO  com.demoqa.utils.MyListener.afterFindElement - Element Decorated {[[ChromeDriver: chrome on windows (1ff38b5e0370fb98cc50697d3ba5f451)] -> css selector: a[href='/javascript_alerts']]} found
18:34:51.610 [main] INFO  com.demoqa.utils.MyListener.beforeClick - We have to click on element [[ChromeDriver: chrome on windows (1ff38b5e0370fb98cc50697d3ba5f451)] -> css selector: a[href='/javascript_alerts']]
18:34:51.923 [main] INFO  com.demoqa.utils.MyListener.afterClick - We clicked on element [[ChromeDriver: chrome on windows (1ff38b5e0370fb98cc50697d3ba5f451)] -> css selector: a[href='/javascript_alerts']]
18:34:51.946 [main] INFO  com.demoqa.utils.MyListener.afterFindElement - Element Decorated {[[ChromeDriver: chrome on windows (1ff38b5e0370fb98cc50697d3ba5f451)] -> css selector: button[onclick='jsPrompt()']]} found
18:34:51.947 [main] INFO  com.demoqa.utils.MyListener.beforeClick - We have to click on element [[ChromeDriver: chrome on windows (1ff38b5e0370fb98cc50697d3ba5f451)] -> css selector: button[onclick='jsPrompt()']]
18:34:52.043 [main] INFO  com.demoqa.utils.MyListener.afterClick - We clicked on element [[ChromeDriver: chrome on windows (1ff38b5e0370fb98cc50697d3ba5f451)] -> css selector: button[onclick='jsPrompt()']]
18:34:52.091 [main] INFO  com.demoqa.utils.MyListener.afterFindElement - Element Decorated {[[ChromeDriver: chrome on windows (1ff38b5e0370fb98cc50697d3ba5f451)] -> css selector: #result]} found
18:34:52.336 [main] INFO  com.demoqa.core.TestBase.tearDown - Stop test
18:34:52.336 [main] INFO  com.demoqa.core.TestBase.tearDown - =========================
18:34:52.338 [main] INFO  com.demoqa.utils.TestResultLogger.testSuccessful - Test passed: sendMessageToAlertText()
]]></system-out>
  </testcase>
</testsuite>